[   10017ms] [LOG] [Telegram.WebView] > postEvent web_app_set_header_color {color_key: bg_color} @ https://telegram.org/js/telegram-web-app.js:134
[   10017ms] [LOG] [Telegram.WebView] > postEvent web_app_set_bottom_bar_color {color: #ffffff} @ https://telegram.org/js/telegram-web-app.js:134
[   10018ms] [LOG] [Telegram.WebView] > postEvent web_app_request_theme  @ https://telegram.org/js/telegram-web-app.js:134
[   10018ms] [LOG] [Telegram.WebView] > postEvent web_app_request_viewport  @ https://telegram.org/js/telegram-web-app.js:134
[   10018ms] [LOG] [Telegram.WebView] > postEvent web_app_request_safe_area  @ https://telegram.org/js/telegram-web-app.js:134
[   10018ms] [LOG] [Telegram.WebView] > postEvent web_app_request_content_safe_area  @ https://telegram.org/js/telegram-web-app.js:134
[   10059ms] [INFO] %cDownload the React DevTools for a better development experience: https://react.dev/link/react-devtools font-weight:bold @ http://localhost:3000/_next/static/chunks/node_modules_next_dist_f3530cac._.js:2297
[   10183ms] [LOG] [HMR] connected @ http://localhost:3000/_next/static/chunks/node_modules_next_dist_f3530cac._.js:2297
[   10227ms] [WARNING] <meta name="apple-mobile-web-app-capable" content="yes"> is deprecated. Please include <meta name="mobile-web-app-capable" content="yes"> @ http://localhost:3000/:0
[   10233ms] [LOG] [Telegram.WebView] > postEvent web_app_ready  @ http://localhost:3000/_next/static/chunks/node_modules_next_dist_f3530cac._.js:2297
[   10233ms] [LOG] [Telegram.WebView] > postEvent web_app_expand  @ http://localhost:3000/_next/static/chunks/node_modules_next_dist_f3530cac._.js:2297
[   10234ms] [WARNING] [Telegram.WebApp] Header color is not supported in version 6.0 @ http://localhost:3000/_next/static/chunks/node_modules_next_dist_f3530cac._.js:2297
[   10234ms] [WARNING] [Telegram.WebApp] Background color is not supported in version 6.0 @ http://localhost:3000/_next/static/chunks/node_modules_next_dist_f3530cac._.js:2297
[   10234ms] [WARNING] [Telegram.WebApp] Bottom bar color is not supported in version 6.0 @ http://localhost:3000/_next/static/chunks/node_modules_next_dist_f3530cac._.js:2297
[   10345ms] [LOG] [Fast Refresh] rebuilding @ http://localhost:3000/_next/static/chunks/node_modules_next_dist_f3530cac._.js:2297
[   10347ms] [LOG] [Fast Refresh] done in 128ms @ http://localhost:3000/_next/static/chunks/node_modules_next_dist_f3530cac._.js:2297
[ 1987967ms] [LOG] [Fast Refresh] rebuilding @ http://localhost:3000/_next/static/chunks/node_modules_next_dist_f3530cac._.js:2297
[ 1988991ms] [LOG] [Fast Refresh] done in 1129ms @ http://localhost:3000/_next/static/chunks/node_modules_next_dist_f3530cac._.js:2297
[ 2041110ms] [LOG] [Fast Refresh] rebuilding @ http://localhost:3000/_next/static/chunks/node_modules_next_dist_f3530cac._.js:2297
[ 2041916ms] [LOG] [Telegram.WebView] > postEvent web_app_ready  @ http://localhost:3000/_next/static/chunks/node_modules_next_dist_f3530cac._.js:2297
[ 2041920ms] [LOG] [Telegram.WebView] > postEvent web_app_expand  @ http://localhost:3000/_next/static/chunks/node_modules_next_dist_f3530cac._.js:2297
[ 2041921ms] [WARNING] [Telegram.WebApp] Header color is not supported in version 6.0 @ http://localhost:3000/_next/static/chunks/node_modules_next_dist_f3530cac._.js:2297
[ 2041921ms] [WARNING] [Telegram.WebApp] Background color is not supported in version 6.0 @ http://localhost:3000/_next/static/chunks/node_modules_next_dist_f3530cac._.js:2297
[ 2041921ms] [WARNING] [Telegram.WebApp] Bottom bar color is not supported in version 6.0 @ http://localhost:3000/_next/static/chunks/node_modules_next_dist_f3530cac._.js:2297
[ 2042144ms] [LOG] [Fast Refresh] done in 752ms @ http://localhost:3000/_next/static/chunks/node_modules_next_dist_f3530cac._.js:2297
[ 2166713ms] [LOG] [Fast Refresh] rebuilding @ http://localhost:3000/_next/static/chunks/node_modules_next_dist_f3530cac._.js:2297
[ 2168357ms] [LOG] [Fast Refresh] done in 1755ms @ http://localhost:3000/_next/static/chunks/node_modules_next_dist_f3530cac._.js:2297
[ 2352728ms] [LOG] [Fast Refresh] rebuilding @ http://localhost:3000/_next/static/chunks/node_modules_next_dist_f3530cac._.js:2297
[ 2353869ms] [ERROR] ./app/components/planner/desktop/DesktopPlannerShell.tsx:25:1
Module not found: Can't resolve './DesktopTaskList'
  23 | import DesktopRecurringTasksSheet from './DesktopRecurringTasksSheet';
  24 | import DesktopStatsModal from './DesktopStatsModal';
> 25 | import DesktopTaskList from './DesktopTaskList';
     | ^^^^^^^^^^^^^^^^^^^^^^^^^^^^^^^^^^^^^^^^^^^^^^^^
  26 | import DesktopTaskSheet from './DesktopTaskSheet';
  27 | import {
  28 |   PLANNER_TABS,

Import traces:
  Client Component Browser:
    ./app/components/planner/desktop/DesktopPlannerShell.tsx [Client Component Browser]
    ./app/components/PlannerApp.tsx [Client Component Browser]
    ./app/components/PlannerApp.tsx [Server Component]
    ./app/page.tsx [Server Component]

  Client Component SSR:
    ./app/components/planner/desktop/DesktopPlannerShell.tsx [Client Component SSR]
    ./app/components/PlannerApp.tsx [Client Component SSR]
    ./app/components/PlannerApp.tsx [Server Component]
    ./app/page.tsx [Server Component]

https://nextjs.org/docs/messages/module-not-found @ http://localhost:3000/_next/static/chunks/node_modules_next_dist_f3530cac._.js:3127
[ 2428262ms] [LOG] [Fast Refresh] rebuilding @ http://localhost:3000/_next/static/chunks/node_modules_next_dist_f3530cac._.js:2297
[ 2429723ms] [LOG] [Fast Refresh] done in 1452ms @ http://localhost:3000/_next/static/chunks/node_modules_next_dist_f3530cac._.js:2297
[ 2430401ms] [WARNING] <meta name="apple-mobile-web-app-capable" content="yes"> is deprecated. Please include <meta name="mobile-web-app-capable" content="yes"> @ http://localhost:3000/:0
[ 2436770ms] [LOG] [Fast Refresh] rebuilding @ http://localhost:3000/_next/static/chunks/node_modules_next_dist_f3530cac._.js:2297
[ 2436799ms] [LOG] [Fast Refresh] done in 71ms @ http://localhost:3000/_next/static/chunks/node_modules_next_dist_f3530cac._.js:2297
[ 2445243ms] [LOG] [Fast Refresh] rebuilding @ http://localhost:3000/_next/static/chunks/node_modules_next_dist_f3530cac._.js:2297
[ 2445273ms] [LOG] [Fast Refresh] done in 85ms @ http://localhost:3000/_next/static/chunks/node_modules_next_dist_f3530cac._.js:2297
[ 2468273ms] [LOG] [Fast Refresh] rebuilding @ http://localhost:3000/_next/static/chunks/node_modules_next_dist_f3530cac._.js:2297
[ 2468309ms] [LOG] [Fast Refresh] done in 82ms @ http://localhost:3000/_next/static/chunks/node_modules_next_dist_f3530cac._.js:2297
[ 2471813ms] [LOG] [Fast Refresh] rebuilding @ http://localhost:3000/_next/static/chunks/node_modules_next_dist_f3530cac._.js:2297
[ 2471851ms] [LOG] [Fast Refresh] done in 83ms @ http://localhost:3000/_next/static/chunks/node_modules_next_dist_f3530cac._.js:2297
[ 2476527ms] [LOG] [Fast Refresh] rebuilding @ http://localhost:3000/_next/static/chunks/node_modules_next_dist_f3530cac._.js:2297
[ 2476579ms] [LOG] [Fast Refresh] done in 99ms @ http://localhost:3000/_next/static/chunks/node_modules_next_dist_f3530cac._.js:2297
[ 2483317ms] [LOG] [Fast Refresh] rebuilding @ http://localhost:3000/_next/static/chunks/node_modules_next_dist_f3530cac._.js:2297
[ 2483842ms] [LOG] [Fast Refresh] done in 188ms @ http://localhost:3000/_next/static/chunks/node_modules_next_dist_f3530cac._.js:2297
[ 2492853ms] [LOG] [Fast Refresh] rebuilding @ http://localhost:3000/_next/static/chunks/node_modules_next_dist_f3530cac._.js:2297
[ 2492909ms] [LOG] [Fast Refresh] done in 118ms @ http://localhost:3000/_next/static/chunks/node_modules_next_dist_f3530cac._.js:2297
[ 2497500ms] [LOG] [Fast Refresh] rebuilding @ http://localhost:3000/_next/static/chunks/node_modules_next_dist_f3530cac._.js:2297
[ 2497548ms] [LOG] [Fast Refresh] done in 73ms @ http://localhost:3000/_next/static/chunks/node_modules_next_dist_f3530cac._.js:2297
[ 2502264ms] [LOG] [Fast Refresh] rebuilding @ http://localhost:3000/_next/static/chunks/node_modules_next_dist_f3530cac._.js:2297
[ 2502313ms] [LOG] [Fast Refresh] done in 105ms @ http://localhost:3000/_next/static/chunks/node_modules_next_dist_f3530cac._.js:2297
[ 2565972ms] [LOG] [Fast Refresh] rebuilding @ http://localhost:3000/_next/static/chunks/node_modules_next_dist_f3530cac._.js:2297
[ 2566010ms] [LOG] [Fast Refresh] done in 148ms @ http://localhost:3000/_next/static/chunks/node_modules_next_dist_f3530cac._.js:2297
